<?xml version="1.0" encoding="UTF-8"?>
<coverage generated="1558759115246" clover="3.2.0">
  <project timestamp="1558759115246" name="All files">
    <metrics statements="10" coveredstatements="0" conditionals="15" coveredconditionals="0" methods="5" coveredmethods="0" elements="30" coveredelements="0" complexity="0" loc="10" ncloc="10" packages="1" files="2" classes="2">
      <file name="HelloWorld.vue" path="/home/nicolasipr/Documents/Programming/Software/client/src/components/HelloWorld.vue">
        <metrics statements="1" coveredstatements="0" conditionals="0" coveredconditionals="0" methods="1" coveredmethods="0"/>
        <line num="90" count="0" type="stmt"/>
      </file>
      <file name="Post.vue" path="/home/nicolasipr/Documents/Programming/Software/client/src/components/Post.vue">
        <metrics statements="9" coveredstatements="0" conditionals="15" coveredconditionals="0" methods="4" coveredmethods="0"/>
        <line num="33" count="0" type="stmt"/>
        <line num="38" count="0" type="stmt"/>
        <line num="45" count="0" type="cond" truecount="0" falsecount="5"/>
        <line num="47" count="0" type="stmt"/>
        <line num="49" count="0" type="stmt"/>
        <line num="53" count="0" type="cond" truecount="0" falsecount="5"/>
        <line num="55" count="0" type="stmt"/>
        <line num="57" count="0" type="cond" truecount="0" falsecount="5"/>
        <line num="59" count="0" type="stmt"/>
      </file>
    </metrics>
  </project>
</coverage>
