{"/home/nicolasipr/Documents/Programming/Software/client/src/components/HelloWorld.vue": {"path":"/home/nicolasipr/Documents/Programming/Software/client/src/components/HelloWorld.vue","statementMap":{"0":{"start":{"line":90,"column":0},"end":{"line":null,"column":-1}}},"fnMap":{"0":{"name":"data","decl":{"start":{"line":89,"column":0},"end":{"line":null,"column":-1}},"loc":{"start":{"line":89,"column":0},"end":{"line":93,"column":0}}}},"branchMap":{},"s":{"0":0},"f":{"0":0},"b":{}}
,"/home/nicolasipr/Documents/Programming/Software/client/src/components/Post.vue": {"path":"/home/nicolasipr/Documents/Programming/Software/client/src/components/Post.vue","statementMap":{"0":{"start":{"line":33,"column":0},"end":{"line":null,"column":-1}},"1":{"start":{"line":38,"column":0},"end":{"line":null,"column":-1}},"2":{"start":{"line":45,"column":0},"end":{"line":null,"column":-1}},"3":{"start":{"line":47,"column":0},"end":{"line":null,"column":-1}},"4":{"start":{"line":49,"column":0},"end":{"line":null,"column":-1}},"5":{"start":{"line":53,"column":0},"end":{"line":null,"column":-1}},"6":{"start":{"line":55,"column":0},"end":{"line":null,"column":-1}},"7":{"start":{"line":57,"column":0},"end":{"line":null,"column":-1}},"8":{"start":{"line":59,"column":0},"end":{"line":null,"column":-1}}},"fnMap":{"0":{"name":"data","decl":{"start":{"line":37,"column":0},"end":{"line":null,"column":-1}},"loc":{"start":{"line":37,"column":0},"end":{"line":44,"column":0}}},"1":{"name":"created","decl":{"start":{"line":45,"column":0},"end":{"line":null,"column":-1}},"loc":{"start":{"line":45,"column":0},"end":{"line":51,"column":0}}},"2":{"name":"createPost","decl":{"start":{"line":53,"column":0},"end":{"line":null,"column":-1}},"loc":{"start":{"line":53,"column":0},"end":{"line":56,"column":0}}},"3":{"name":"deletePost","decl":{"start":{"line":57,"column":0},"end":{"line":null,"column":-1}},"loc":{"start":{"line":57,"column":0},"end":{"line":60,"column":0}}}},"branchMap":{"0":{"loc":{"start":{"line":45,"column":0},"end":{"line":null,"column":-1}},"type":"switch","locations":[{"start":{"line":45,"column":0},"end":{"line":null,"column":-1}},{"start":{"line":45,"column":0},"end":{"line":null,"column":-1}},{"start":{"line":45,"column":0},"end":{"line":49,"column":0}},{"start":{"line":45,"column":0},"end":{"line":null,"column":-1}},{"start":{"line":45,"column":0},"end":{"line":null,"column":-1}}]},"1":{"loc":{"start":{"line":53,"column":0},"end":{"line":null,"column":-1}},"type":"switch","locations":[{"start":{"line":53,"column":0},"end":{"line":null,"column":-1}},{"start":{"line":53,"column":0},"end":{"line":null,"column":-1}},{"start":{"line":53,"column":0},"end":{"line":55,"column":0}},{"start":{"line":53,"column":0},"end":{"line":null,"column":-1}},{"start":{"line":53,"column":0},"end":{"line":null,"column":-1}}]},"2":{"loc":{"start":{"line":57,"column":0},"end":{"line":null,"column":-1}},"type":"switch","locations":[{"start":{"line":57,"column":0},"end":{"line":null,"column":-1}},{"start":{"line":57,"column":0},"end":{"line":null,"column":-1}},{"start":{"line":57,"column":0},"end":{"line":59,"column":0}},{"start":{"line":57,"column":0},"end":{"line":null,"column":-1}},{"start":{"line":57,"column":0},"end":{"line":null,"column":-1}}]}},"s":{"0":0,"1":0,"2":0,"3":0,"4":0,"5":0,"6":0,"7":0,"8":0},"f":{"0":0,"1":0,"2":0,"3":0},"b":{"0":[0,0,0,0,0],"1":[0,0,0,0,0],"2":[0,0,0,0,0]}}
}
