TN:
SF:/home/nicolasipr/Documents/Programming/Software/client/src/components/HelloWorld.vue
FN:89,data
FNF:1
FNH:0
FNDA:0,data
DA:90,0
LF:1
LH:0
BRF:0
BRH:0
end_of_record
TN:
SF:/home/nicolasipr/Documents/Programming/Software/client/src/components/Post.vue
FN:37,data
FN:45,created
FN:53,createPost
FN:57,deletePost
FNF:4
FNH:0
FNDA:0,data
FNDA:0,created
FNDA:0,createPost
FNDA:0,deletePost
DA:33,0
DA:38,0
DA:45,0
DA:47,0
DA:49,0
DA:53,0
DA:55,0
DA:57,0
DA:59,0
LF:9
LH:0
BRDA:45,0,0,0
BRDA:45,0,1,0
BRDA:45,0,2,0
BRDA:45,0,3,0
BRDA:45,0,4,0
BRDA:53,1,0,0
BRDA:53,1,1,0
BRDA:53,1,2,0
BRDA:53,1,3,0
BRDA:53,1,4,0
BRDA:57,2,0,0
BRDA:57,2,1,0
BRDA:57,2,2,0
BRDA:57,2,3,0
BRDA:57,2,4,0
BRF:15
BRH:0
end_of_record
